<?xml version="1.0" encoding="UTF-8"?>
<!-- Generated by org.testng.reporters.JUnitXMLReporter -->
<testsuite ignored="0" hostname="APL-1GMXB63" failures="0" tests="3" name="Default test" time="53.519" errors="0" timestamp="2023-05-25T12:34:06 IST">
  <testcase classname="com.Assignment_POM.Login_MultipleWebSites" name="HollandBarrettLoginverify" time="21.602"/>
  <testcase classname="com.Assignment_POM.Login_MultipleWebSites" name="OrangeHrmLoginverify" time="15.195"/>
  <testcase classname="com.Assignment_POM.Login_MultipleWebSites" name="StoreLoginverify" time="16.624"/>
</testsuite> <!-- Default test -->
