<?xml version="1.0" encoding="UTF-8"?>
<testng-results ignored="0" total="3" passed="3" failed="0" skipped="0">
  <reporter-output>
  </reporter-output>
  <suite started-at="2023-05-25T12:33:12 IST" name="Default suite" finished-at="2023-05-25T12:34:06 IST" duration-ms="53519">
    <groups>
    </groups>
    <test started-at="2023-05-25T12:33:12 IST" name="Default test" finished-at="2023-05-25T12:34:06 IST" duration-ms="53519">
      <class name="com.Assignment_POM.Login_MultipleWebSites">
        <test-method signature="HollandBarrettLoginverify()[pri:0, instance:com.Assignment_POM.Login_MultipleWebSites@68c72235]" started-at="2023-05-25T12:33:12 IST" name="HollandBarrettLoginverify" finished-at="2023-05-25T12:33:34 IST" duration-ms="21602" status="PASS">
          <reporter-output>
          </reporter-output>
        </test-method> <!-- HollandBarrettLoginverify -->
        <test-method signature="OrangeHrmLoginverify()[pri:0, instance:com.Assignment_POM.Login_MultipleWebSites@68c72235]" started-at="2023-05-25T12:33:34 IST" name="OrangeHrmLoginverify" finished-at="2023-05-25T12:33:49 IST" duration-ms="15195" status="PASS">
          <reporter-output>
          </reporter-output>
        </test-method> <!-- OrangeHrmLoginverify -->
        <test-method signature="StoreLoginverify()[pri:0, instance:com.Assignment_POM.Login_MultipleWebSites@68c72235]" started-at="2023-05-25T12:33:49 IST" name="StoreLoginverify" finished-at="2023-05-25T12:34:06 IST" duration-ms="16624" status="PASS">
          <reporter-output>
          </reporter-output>
        </test-method> <!-- StoreLoginverify -->
      </class> <!-- com.Assignment_POM.Login_MultipleWebSites -->
    </test> <!-- Default test -->
  </suite> <!-- Default suite -->
</testng-results>
